<?xml version="1.0" encoding="UTF-8"?>
<!-- Generated by org.testng.reporters.JUnitReportReporter -->
<testsuite skipped="0" hostname="DESKTOP-NR3I10P" name="app.netlify.qaautomationpractice.ui_tests.home_page.HomePageUITest" tests="3" failures="0" timestamp="2021-04-15T08:06:51 EDT" time="36.316" errors="0">
  <testcase name="homePageTitleIsCorrect" time="11.454" classname="app.netlify.qaautomationpractice.ui_tests.home_page.HomePageUITest"/>
  <system-out/>
  <testcase name="homePageIsLoaded" time="14.037" classname="app.netlify.qaautomationpractice.ui_tests.home_page.HomePageUITest"/>
  <system-out/>
  <testcase name="homeButtonTakesUserToHomePage" time="10.825" classname="app.netlify.qaautomationpractice.ui_tests.home_page.HomePageUITest"/>
  <system-out/>
</testsuite> <!-- app.netlify.qaautomationpractice.ui_tests.home_page.HomePageUITest -->
